0 info it worked if it ends with ok
1 verbose cli [ 'node', '/usr/local/bin/npm', 'install' ]
2 info using npm@1.4.9
3 info using node@v0.10.28
4 warn package.json shoppingGoku@0.0.0 No description
5 warn package.json shoppingGoku@0.0.0 No repository field.
6 warn package.json shoppingGoku@0.0.0 No README data
7 verbose readDependencies using package.json deps
8 verbose install where, deps [ '/Applications/MAMP/htdocs/HTML/ESTUDO/ANGULAR/Zen of Angular/shopping-goku',
8 verbose install   [ 'gulp',
8 verbose install     'lodash',
8 verbose install     'gulp-connect',
8 verbose install     'gulp-open',
8 verbose install     'gulp-jshint',
8 verbose install     'jshint-stylish',
8 verbose install     'karma',
8 verbose install     'karma-chrome-launcher',
8 verbose install     'karma-jasmine',
8 verbose install     'karma-nyan-reporter',
8 verbose install     'protractor' ] ]
9 info preinstall shoppingGoku@0.0.0
10 verbose readDependencies using package.json deps
11 verbose cache add [ 'lodash@^2.4.1', null ]
12 verbose cache add name=undefined spec="lodash@^2.4.1" args=["lodash@^2.4.1",null]
13 verbose parsed url { protocol: null,
13 verbose parsed url   slashes: null,
13 verbose parsed url   auth: null,
13 verbose parsed url   host: null,
13 verbose parsed url   port: null,
13 verbose parsed url   hostname: null,
13 verbose parsed url   hash: null,
13 verbose parsed url   search: null,
13 verbose parsed url   query: null,
13 verbose parsed url   pathname: 'lodash@^2.4.1',
13 verbose parsed url   path: 'lodash@^2.4.1',
13 verbose parsed url   href: 'lodash@^2.4.1' }
14 verbose cache add name="lodash" spec="^2.4.1" args=["lodash","^2.4.1"]
15 verbose parsed url { protocol: null,
15 verbose parsed url   slashes: null,
15 verbose parsed url   auth: null,
15 verbose parsed url   host: null,
15 verbose parsed url   port: null,
15 verbose parsed url   hostname: null,
15 verbose parsed url   hash: null,
15 verbose parsed url   search: null,
15 verbose parsed url   query: null,
15 verbose parsed url   pathname: '^2.4.1',
15 verbose parsed url   path: '^2.4.1',
15 verbose parsed url   href: '^2.4.1' }
16 verbose addNamed [ 'lodash', '^2.4.1' ]
17 verbose addNamed [ null, '>=2.4.1-0 <3.0.0-0' ]
18 verbose cache add [ 'gulp-jshint@^1.6.4', null ]
19 verbose cache add name=undefined spec="gulp-jshint@^1.6.4" args=["gulp-jshint@^1.6.4",null]
20 verbose parsed url { protocol: null,
20 verbose parsed url   slashes: null,
20 verbose parsed url   auth: null,
20 verbose parsed url   host: null,
20 verbose parsed url   port: null,
20 verbose parsed url   hostname: null,
20 verbose parsed url   hash: null,
20 verbose parsed url   search: null,
20 verbose parsed url   query: null,
20 verbose parsed url   pathname: 'gulp-jshint@^1.6.4',
20 verbose parsed url   path: 'gulp-jshint@^1.6.4',
20 verbose parsed url   href: 'gulp-jshint@^1.6.4' }
21 verbose cache add name="gulp-jshint" spec="^1.6.4" args=["gulp-jshint","^1.6.4"]
22 verbose parsed url { protocol: null,
22 verbose parsed url   slashes: null,
22 verbose parsed url   auth: null,
22 verbose parsed url   host: null,
22 verbose parsed url   port: null,
22 verbose parsed url   hostname: null,
22 verbose parsed url   hash: null,
22 verbose parsed url   search: null,
22 verbose parsed url   query: null,
22 verbose parsed url   pathname: '^1.6.4',
22 verbose parsed url   path: '^1.6.4',
22 verbose parsed url   href: '^1.6.4' }
23 verbose addNamed [ 'gulp-jshint', '^1.6.4' ]
24 verbose addNamed [ null, '>=1.6.4-0 <2.0.0-0' ]
25 verbose cache add [ 'gulp-connect@^2.0.5', null ]
26 verbose cache add name=undefined spec="gulp-connect@^2.0.5" args=["gulp-connect@^2.0.5",null]
27 verbose parsed url { protocol: null,
27 verbose parsed url   slashes: null,
27 verbose parsed url   auth: null,
27 verbose parsed url   host: null,
27 verbose parsed url   port: null,
27 verbose parsed url   hostname: null,
27 verbose parsed url   hash: null,
27 verbose parsed url   search: null,
27 verbose parsed url   query: null,
27 verbose parsed url   pathname: 'gulp-connect@^2.0.5',
27 verbose parsed url   path: 'gulp-connect@^2.0.5',
27 verbose parsed url   href: 'gulp-connect@^2.0.5' }
28 verbose cache add name="gulp-connect" spec="^2.0.5" args=["gulp-connect","^2.0.5"]
29 verbose parsed url { protocol: null,
29 verbose parsed url   slashes: null,
29 verbose parsed url   auth: null,
29 verbose parsed url   host: null,
29 verbose parsed url   port: null,
29 verbose parsed url   hostname: null,
29 verbose parsed url   hash: null,
29 verbose parsed url   search: null,
29 verbose parsed url   query: null,
29 verbose parsed url   pathname: '^2.0.5',
29 verbose parsed url   path: '^2.0.5',
29 verbose parsed url   href: '^2.0.5' }
30 verbose addNamed [ 'gulp-connect', '^2.0.5' ]
31 verbose addNamed [ null, '>=2.0.5-0 <3.0.0-0' ]
32 silly lockFile 59759450-lodash-2-4-1 lodash@^2.4.1
33 verbose lock lodash@^2.4.1 /Users/gustavocosta/.npm/59759450-lodash-2-4-1.lock
34 silly lockFile fc4f1c2d-gulp-jshint-1-6-4 gulp-jshint@^1.6.4
35 verbose lock gulp-jshint@^1.6.4 /Users/gustavocosta/.npm/fc4f1c2d-gulp-jshint-1-6-4.lock
36 verbose cache add [ 'jshint-stylish@^0.2.0', null ]
37 verbose cache add name=undefined spec="jshint-stylish@^0.2.0" args=["jshint-stylish@^0.2.0",null]
38 verbose parsed url { protocol: null,
38 verbose parsed url   slashes: null,
38 verbose parsed url   auth: null,
38 verbose parsed url   host: null,
38 verbose parsed url   port: null,
38 verbose parsed url   hostname: null,
38 verbose parsed url   hash: null,
38 verbose parsed url   search: null,
38 verbose parsed url   query: null,
38 verbose parsed url   pathname: 'jshint-stylish@^0.2.0',
38 verbose parsed url   path: 'jshint-stylish@^0.2.0',
38 verbose parsed url   href: 'jshint-stylish@^0.2.0' }
39 verbose cache add name="jshint-stylish" spec="^0.2.0" args=["jshint-stylish","^0.2.0"]
40 verbose parsed url { protocol: null,
40 verbose parsed url   slashes: null,
40 verbose parsed url   auth: null,
40 verbose parsed url   host: null,
40 verbose parsed url   port: null,
40 verbose parsed url   hostname: null,
40 verbose parsed url   hash: null,
40 verbose parsed url   search: null,
40 verbose parsed url   query: null,
40 verbose parsed url   pathname: '^0.2.0',
40 verbose parsed url   path: '^0.2.0',
40 verbose parsed url   href: '^0.2.0' }
41 verbose addNamed [ 'jshint-stylish', '^0.2.0' ]
42 verbose addNamed [ null, '>=0.2.0-0 <0.3.0-0' ]
43 silly lockFile 1d33a9dd-jshint-stylish-0-2-0 jshint-stylish@^0.2.0
44 verbose lock jshint-stylish@^0.2.0 /Users/gustavocosta/.npm/1d33a9dd-jshint-stylish-0-2-0.lock
45 verbose cache add [ 'gulp-open@^0.2.8', null ]
46 verbose cache add name=undefined spec="gulp-open@^0.2.8" args=["gulp-open@^0.2.8",null]
47 verbose parsed url { protocol: null,
47 verbose parsed url   slashes: null,
47 verbose parsed url   auth: null,
47 verbose parsed url   host: null,
47 verbose parsed url   port: null,
47 verbose parsed url   hostname: null,
47 verbose parsed url   hash: null,
47 verbose parsed url   search: null,
47 verbose parsed url   query: null,
47 verbose parsed url   pathname: 'gulp-open@^0.2.8',
47 verbose parsed url   path: 'gulp-open@^0.2.8',
47 verbose parsed url   href: 'gulp-open@^0.2.8' }
48 verbose cache add name="gulp-open" spec="^0.2.8" args=["gulp-open","^0.2.8"]
49 verbose parsed url { protocol: null,
49 verbose parsed url   slashes: null,
49 verbose parsed url   auth: null,
49 verbose parsed url   host: null,
49 verbose parsed url   port: null,
49 verbose parsed url   hostname: null,
49 verbose parsed url   hash: null,
49 verbose parsed url   search: null,
49 verbose parsed url   query: null,
49 verbose parsed url   pathname: '^0.2.8',
49 verbose parsed url   path: '^0.2.8',
49 verbose parsed url   href: '^0.2.8' }
50 verbose addNamed [ 'gulp-open', '^0.2.8' ]
51 verbose addNamed [ null, '>=0.2.8-0 <0.3.0-0' ]
52 silly lockFile 01d6b00a-gulp-open-0-2-8 gulp-open@^0.2.8
53 verbose lock gulp-open@^0.2.8 /Users/gustavocosta/.npm/01d6b00a-gulp-open-0-2-8.lock
54 verbose cache add [ 'karma@^0.12.16', null ]
55 verbose cache add name=undefined spec="karma@^0.12.16" args=["karma@^0.12.16",null]
56 verbose parsed url { protocol: null,
56 verbose parsed url   slashes: null,
56 verbose parsed url   auth: null,
56 verbose parsed url   host: null,
56 verbose parsed url   port: null,
56 verbose parsed url   hostname: null,
56 verbose parsed url   hash: null,
56 verbose parsed url   search: null,
56 verbose parsed url   query: null,
56 verbose parsed url   pathname: 'karma@^0.12.16',
56 verbose parsed url   path: 'karma@^0.12.16',
56 verbose parsed url   href: 'karma@^0.12.16' }
57 verbose cache add name="karma" spec="^0.12.16" args=["karma","^0.12.16"]
58 verbose parsed url { protocol: null,
58 verbose parsed url   slashes: null,
58 verbose parsed url   auth: null,
58 verbose parsed url   host: null,
58 verbose parsed url   port: null,
58 verbose parsed url   hostname: null,
58 verbose parsed url   hash: null,
58 verbose parsed url   search: null,
58 verbose parsed url   query: null,
58 verbose parsed url   pathname: '^0.12.16',
58 verbose parsed url   path: '^0.12.16',
58 verbose parsed url   href: '^0.12.16' }
59 verbose addNamed [ 'karma', '^0.12.16' ]
60 verbose addNamed [ null, '>=0.12.16-0 <0.13.0-0' ]
61 silly lockFile 544376fe-karma-0-12-16 karma@^0.12.16
62 verbose lock karma@^0.12.16 /Users/gustavocosta/.npm/544376fe-karma-0-12-16.lock
63 verbose cache add [ 'karma-chrome-launcher@^0.1.4', null ]
64 verbose cache add name=undefined spec="karma-chrome-launcher@^0.1.4" args=["karma-chrome-launcher@^0.1.4",null]
65 verbose parsed url { protocol: null,
65 verbose parsed url   slashes: null,
65 verbose parsed url   auth: null,
65 verbose parsed url   host: null,
65 verbose parsed url   port: null,
65 verbose parsed url   hostname: null,
65 verbose parsed url   hash: null,
65 verbose parsed url   search: null,
65 verbose parsed url   query: null,
65 verbose parsed url   pathname: 'karma-chrome-launcher@^0.1.4',
65 verbose parsed url   path: 'karma-chrome-launcher@^0.1.4',
65 verbose parsed url   href: 'karma-chrome-launcher@^0.1.4' }
66 verbose cache add name="karma-chrome-launcher" spec="^0.1.4" args=["karma-chrome-launcher","^0.1.4"]
67 verbose parsed url { protocol: null,
67 verbose parsed url   slashes: null,
67 verbose parsed url   auth: null,
67 verbose parsed url   host: null,
67 verbose parsed url   port: null,
67 verbose parsed url   hostname: null,
67 verbose parsed url   hash: null,
67 verbose parsed url   search: null,
67 verbose parsed url   query: null,
67 verbose parsed url   pathname: '^0.1.4',
67 verbose parsed url   path: '^0.1.4',
67 verbose parsed url   href: '^0.1.4' }
68 verbose addNamed [ 'karma-chrome-launcher', '^0.1.4' ]
69 verbose addNamed [ null, '>=0.1.4-0 <0.2.0-0' ]
70 silly lockFile cd7d8138-karma-chrome-launcher-0-1-4 karma-chrome-launcher@^0.1.4
71 verbose lock karma-chrome-launcher@^0.1.4 /Users/gustavocosta/.npm/cd7d8138-karma-chrome-launcher-0-1-4.lock
72 verbose cache add [ 'karma-jasmine@^0.1.5', null ]
73 verbose cache add name=undefined spec="karma-jasmine@^0.1.5" args=["karma-jasmine@^0.1.5",null]
74 verbose parsed url { protocol: null,
74 verbose parsed url   slashes: null,
74 verbose parsed url   auth: null,
74 verbose parsed url   host: null,
74 verbose parsed url   port: null,
74 verbose parsed url   hostname: null,
74 verbose parsed url   hash: null,
74 verbose parsed url   search: null,
74 verbose parsed url   query: null,
74 verbose parsed url   pathname: 'karma-jasmine@^0.1.5',
74 verbose parsed url   path: 'karma-jasmine@^0.1.5',
74 verbose parsed url   href: 'karma-jasmine@^0.1.5' }
75 verbose cache add name="karma-jasmine" spec="^0.1.5" args=["karma-jasmine","^0.1.5"]
76 verbose parsed url { protocol: null,
76 verbose parsed url   slashes: null,
76 verbose parsed url   auth: null,
76 verbose parsed url   host: null,
76 verbose parsed url   port: null,
76 verbose parsed url   hostname: null,
76 verbose parsed url   hash: null,
76 verbose parsed url   search: null,
76 verbose parsed url   query: null,
76 verbose parsed url   pathname: '^0.1.5',
76 verbose parsed url   path: '^0.1.5',
76 verbose parsed url   href: '^0.1.5' }
77 verbose addNamed [ 'karma-jasmine', '^0.1.5' ]
78 verbose addNamed [ null, '>=0.1.5-0 <0.2.0-0' ]
79 silly lockFile 36fc1519-karma-jasmine-0-1-5 karma-jasmine@^0.1.5
80 verbose lock karma-jasmine@^0.1.5 /Users/gustavocosta/.npm/36fc1519-karma-jasmine-0-1-5.lock
81 verbose cache add [ 'karma-nyan-reporter@0.0.46', null ]
82 verbose cache add name=undefined spec="karma-nyan-reporter@0.0.46" args=["karma-nyan-reporter@0.0.46",null]
83 verbose parsed url { protocol: null,
83 verbose parsed url   slashes: null,
83 verbose parsed url   auth: null,
83 verbose parsed url   host: null,
83 verbose parsed url   port: null,
83 verbose parsed url   hostname: null,
83 verbose parsed url   hash: null,
83 verbose parsed url   search: null,
83 verbose parsed url   query: null,
83 verbose parsed url   pathname: 'karma-nyan-reporter@0.0.46',
83 verbose parsed url   path: 'karma-nyan-reporter@0.0.46',
83 verbose parsed url   href: 'karma-nyan-reporter@0.0.46' }
84 verbose cache add name="karma-nyan-reporter" spec="0.0.46" args=["karma-nyan-reporter","0.0.46"]
85 verbose parsed url { protocol: null,
85 verbose parsed url   slashes: null,
85 verbose parsed url   auth: null,
85 verbose parsed url   host: null,
85 verbose parsed url   port: null,
85 verbose parsed url   hostname: null,
85 verbose parsed url   hash: null,
85 verbose parsed url   search: null,
85 verbose parsed url   query: null,
85 verbose parsed url   pathname: '0.0.46',
85 verbose parsed url   path: '0.0.46',
85 verbose parsed url   href: '0.0.46' }
86 verbose addNamed [ 'karma-nyan-reporter', '0.0.46' ]
87 verbose addNamed [ '0.0.46', '0.0.46' ]
88 silly lockFile 2f2113b0-karma-nyan-reporter-0-0-46 karma-nyan-reporter@0.0.46
89 verbose lock karma-nyan-reporter@0.0.46 /Users/gustavocosta/.npm/2f2113b0-karma-nyan-reporter-0-0-46.lock
90 verbose cache add [ 'protractor@^0.23.1', null ]
91 verbose cache add name=undefined spec="protractor@^0.23.1" args=["protractor@^0.23.1",null]
92 verbose parsed url { protocol: null,
92 verbose parsed url   slashes: null,
92 verbose parsed url   auth: null,
92 verbose parsed url   host: null,
92 verbose parsed url   port: null,
92 verbose parsed url   hostname: null,
92 verbose parsed url   hash: null,
92 verbose parsed url   search: null,
92 verbose parsed url   query: null,
92 verbose parsed url   pathname: 'protractor@^0.23.1',
92 verbose parsed url   path: 'protractor@^0.23.1',
92 verbose parsed url   href: 'protractor@^0.23.1' }
93 verbose cache add name="protractor" spec="^0.23.1" args=["protractor","^0.23.1"]
94 verbose parsed url { protocol: null,
94 verbose parsed url   slashes: null,
94 verbose parsed url   auth: null,
94 verbose parsed url   host: null,
94 verbose parsed url   port: null,
94 verbose parsed url   hostname: null,
94 verbose parsed url   hash: null,
94 verbose parsed url   search: null,
94 verbose parsed url   query: null,
94 verbose parsed url   pathname: '^0.23.1',
94 verbose parsed url   path: '^0.23.1',
94 verbose parsed url   href: '^0.23.1' }
95 verbose addNamed [ 'protractor', '^0.23.1' ]
96 verbose addNamed [ null, '>=0.23.1-0 <0.24.0-0' ]
97 silly lockFile 2bc0467d-protractor-0-23-1 protractor@^0.23.1
98 verbose lock protractor@^0.23.1 /Users/gustavocosta/.npm/2bc0467d-protractor-0-23-1.lock
99 silly lockFile 2696f549-gulp-connect-2-0-5 gulp-connect@^2.0.5
100 verbose lock gulp-connect@^2.0.5 /Users/gustavocosta/.npm/2696f549-gulp-connect-2-0-5.lock
101 verbose already installed skipping gulp@^3.6.2 /Applications/MAMP/htdocs/HTML/ESTUDO/ANGULAR/Zen of Angular/shopping-goku
102 silly lockFile 59759450-lodash-2-4-1 lodash@^2.4.1
103 error Error: Attempt to unlock lodash@^2.4.1, which hasn't been locked
103 error     at unlock (/usr/local/lib/node_modules/npm/lib/cache.js:1434:11)
103 error     at cb (/usr/local/lib/node_modules/npm/lib/cache.js:675:5)
103 error     at /usr/local/lib/node_modules/npm/lib/cache.js:684:20
103 error     at /usr/local/lib/node_modules/npm/lib/cache.js:1420:7
103 error     at /usr/local/lib/node_modules/npm/node_modules/lockfile/lockfile.js:167:38
103 error     at OpenReq.Req.done (/usr/local/lib/node_modules/npm/node_modules/graceful-fs/graceful-fs.js:144:5)
103 error     at OpenReq.done (/usr/local/lib/node_modules/npm/node_modules/graceful-fs/graceful-fs.js:64:22)
103 error     at Object.oncomplete (fs.js:107:15)
104 error If you need help, you may report this *entire* log,
104 error including the npm and node versions, at:
104 error     <http://github.com/npm/npm/issues>
105 error System Darwin 13.3.0
106 error command "node" "/usr/local/bin/npm" "install"
107 error cwd /Applications/MAMP/htdocs/HTML/ESTUDO/ANGULAR/Zen of Angular/shopping-goku
108 error node -v v0.10.28
109 error npm -v 1.4.9
110 verbose exit [ 1, true ]
